<?xml version="1.0" encoding="UTF-8"?>
<testsuite xmlns:xsi="http://www.w3.org/2001/XMLSchema-instance" xsi:noNamespaceSchemaLocation="https://maven.apache.org/surefire/maven-surefire-plugin/xsd/surefire-test-report.xsd" name="lambda.handler.DeserializeSNSTest" time="0.285" tests="1" errors="0" skipped="0" failures="0">
  <properties>
    <property name="java.specification.version" value="18"/>
    <property name="sun.cpu.isalist" value="amd64"/>
    <property name="sun.jnu.encoding" value="Cp1252"/>
    <property name="java.class.path" value="C:\Users\Martin\Desktop\Proyectos\Lambda-functions\target\test-classes;C:\Users\Martin\Desktop\Proyectos\Lambda-functions\target\classes;C:\Users\Martin\.m2\repository\com\amazonaws\aws-lambda-java-core\1.2.1\aws-lambda-java-core-1.2.1.jar;C:\Users\Martin\.m2\repository\software\amazon\awssdk\regions\2.15.0\regions-2.15.0.jar;C:\Users\Martin\.m2\repository\software\amazon\awssdk\annotations\2.15.0\annotations-2.15.0.jar;C:\Users\Martin\.m2\repository\software\amazon\awssdk\utils\2.15.0\utils-2.15.0.jar;C:\Users\Martin\.m2\repository\org\reactivestreams\reactive-streams\1.0.2\reactive-streams-1.0.2.jar;C:\Users\Martin\.m2\repository\software\amazon\awssdk\sdk-core\2.15.0\sdk-core-2.15.0.jar;C:\Users\Martin\.m2\repository\com\fasterxml\jackson\core\jackson-core\2.10.4\jackson-core-2.10.4.jar;C:\Users\Martin\.m2\repository\software\amazon\awssdk\profiles\2.15.0\profiles-2.15.0.jar;C:\Users\Martin\.m2\repository\com\fasterxml\jackson\core\jackson-databind\2.10.4\jackson-databind-2.10.4.jar;C:\Users\Martin\.m2\repository\com\fasterxml\jackson\core\jackson-annotations\2.10.4\jackson-annotations-2.10.4.jar;C:\Users\Martin\.m2\repository\org\slf4j\slf4j-api\1.7.28\slf4j-api-1.7.28.jar;C:\Users\Martin\.m2\repository\software\amazon\awssdk\s3\2.15.0\s3-2.15.0.jar;C:\Users\Martin\.m2\repository\software\amazon\awssdk\aws-xml-protocol\2.15.0\aws-xml-protocol-2.15.0.jar;C:\Users\Martin\.m2\repository\software\amazon\awssdk\aws-query-protocol\2.15.0\aws-query-protocol-2.15.0.jar;C:\Users\Martin\.m2\repository\software\amazon\awssdk\protocol-core\2.15.0\protocol-core-2.15.0.jar;C:\Users\Martin\.m2\repository\software\amazon\awssdk\arns\2.15.0\arns-2.15.0.jar;C:\Users\Martin\.m2\repository\software\amazon\awssdk\auth\2.15.0\auth-2.15.0.jar;C:\Users\Martin\.m2\repository\software\amazon\eventstream\eventstream\1.0.1\eventstream-1.0.1.jar;C:\Users\Martin\.m2\repository\software\amazon\awssdk\http-client-spi\2.15.0\http-client-spi-2.15.0.jar;C:\Users\Martin\.m2\repository\software\amazon\awssdk\aws-core\2.15.0\aws-core-2.15.0.jar;C:\Users\Martin\.m2\repository\software\amazon\awssdk\metrics-spi\2.15.0\metrics-spi-2.15.0.jar;C:\Users\Martin\.m2\repository\software\amazon\awssdk\apache-client\2.15.0\apache-client-2.15.0.jar;C:\Users\Martin\.m2\repository\org\apache\httpcomponents\httpclient\4.5.9\httpclient-4.5.9.jar;C:\Users\Martin\.m2\repository\commons-codec\commons-codec\1.11\commons-codec-1.11.jar;C:\Users\Martin\.m2\repository\org\apache\httpcomponents\httpcore\4.4.11\httpcore-4.4.11.jar;C:\Users\Martin\.m2\repository\software\amazon\awssdk\netty-nio-client\2.15.0\netty-nio-client-2.15.0.jar;C:\Users\Martin\.m2\repository\io\netty\netty-codec-http\4.1.46.Final\netty-codec-http-4.1.46.Final.jar;C:\Users\Martin\.m2\repository\io\netty\netty-codec-http2\4.1.46.Final\netty-codec-http2-4.1.46.Final.jar;C:\Users\Martin\.m2\repository\io\netty\netty-codec\4.1.46.Final\netty-codec-4.1.46.Final.jar;C:\Users\Martin\.m2\repository\io\netty\netty-transport\4.1.46.Final\netty-transport-4.1.46.Final.jar;C:\Users\Martin\.m2\repository\io\netty\netty-resolver\4.1.46.Final\netty-resolver-4.1.46.Final.jar;C:\Users\Martin\.m2\repository\io\netty\netty-common\4.1.46.Final\netty-common-4.1.46.Final.jar;C:\Users\Martin\.m2\repository\io\netty\netty-buffer\4.1.46.Final\netty-buffer-4.1.46.Final.jar;C:\Users\Martin\.m2\repository\io\netty\netty-handler\4.1.46.Final\netty-handler-4.1.46.Final.jar;C:\Users\Martin\.m2\repository\io\netty\netty-transport-native-epoll\4.1.46.Final\netty-transport-native-epoll-4.1.46.Final-linux-x86_64.jar;C:\Users\Martin\.m2\repository\io\netty\netty-transport-native-unix-common\4.1.46.Final\netty-transport-native-unix-common-4.1.46.Final.jar;C:\Users\Martin\.m2\repository\com\typesafe\netty\netty-reactive-streams-http\2.0.4\netty-reactive-streams-http-2.0.4.jar;C:\Users\Martin\.m2\repository\com\typesafe\netty\netty-reactive-streams\2.0.4\netty-reactive-streams-2.0.4.jar;C:\Users\Martin\.m2\repository\com\amazonaws\aws-lambda-java-events\3.0.0\aws-lambda-java-events-3.0.0.jar;C:\Users\Martin\.m2\repository\joda-time\joda-time\2.6\joda-time-2.6.jar;C:\Users\Martin\.m2\repository\com\amazonaws\aws-lambda-java-serialization\1.0.0\aws-lambda-java-serialization-1.0.0.jar;C:\Users\Martin\.m2\repository\com\amazonaws\aws-java-sdk-s3\1.11.578\aws-java-sdk-s3-1.11.578.jar;C:\Users\Martin\.m2\repository\com\amazonaws\aws-java-sdk-kms\1.11.578\aws-java-sdk-kms-1.11.578.jar;C:\Users\Martin\.m2\repository\com\amazonaws\aws-java-sdk-core\1.11.578\aws-java-sdk-core-1.11.578.jar;C:\Users\Martin\.m2\repository\commons-logging\commons-logging\1.1.3\commons-logging-1.1.3.jar;C:\Users\Martin\.m2\repository\software\amazon\ion\ion-java\1.0.2\ion-java-1.0.2.jar;C:\Users\Martin\.m2\repository\com\fasterxml\jackson\dataformat\jackson-dataformat-cbor\2.6.7\jackson-dataformat-cbor-2.6.7.jar;C:\Users\Martin\.m2\repository\com\amazonaws\jmespath-java\1.11.578\jmespath-java-1.11.578.jar;C:\Users\Martin\.m2\repository\com\amazonaws\aws-lambda-java-log4j2\1.5.1\aws-lambda-java-log4j2-1.5.1.jar;C:\Users\Martin\.m2\repository\org\apache\logging\log4j\log4j-core\2.17.1\log4j-core-2.17.1.jar;C:\Users\Martin\.m2\repository\org\apache\logging\log4j\log4j-api\2.17.1\log4j-api-2.17.1.jar;C:\Users\Martin\.m2\repository\org\apache\logging\log4j\log4j-slf4j18-impl\2.17.1\log4j-slf4j18-impl-2.17.1.jar;C:\Users\Martin\.m2\repository\com\amazonaws\aws-xray-recorder-sdk-core\2.11.0\aws-xray-recorder-sdk-core-2.11.0.jar;C:\Users\Martin\.m2\repository\com\amazonaws\aws-java-sdk-xray\1.11.903\aws-java-sdk-xray-1.11.903.jar;C:\Users\Martin\.m2\repository\com\amazonaws\aws-xray-recorder-sdk-aws-sdk\2.11.0\aws-xray-recorder-sdk-aws-sdk-2.11.0.jar;C:\Users\Martin\.m2\repository\com\amazonaws\aws-xray-recorder-sdk-aws-sdk-core\2.11.0\aws-xray-recorder-sdk-aws-sdk-core-2.11.0.jar;C:\Users\Martin\.m2\repository\com\amazonaws\aws-xray-recorder-sdk-aws-sdk-v2\2.11.0\aws-xray-recorder-sdk-aws-sdk-v2-2.11.0.jar;C:\Users\Martin\.m2\repository\com\amazonaws\aws-xray-recorder-sdk-aws-sdk-instrumentor\2.11.0\aws-xray-recorder-sdk-aws-sdk-instrumentor-2.11.0.jar;C:\Users\Martin\.m2\repository\com\google\code\gson\gson\2.8.6\gson-2.8.6.jar;C:\Users\Martin\.m2\repository\commons-fileupload\commons-fileupload\1.4\commons-fileupload-1.4.jar;C:\Users\Martin\.m2\repository\commons-io\commons-io\2.2\commons-io-2.2.jar;C:\Users\Martin\.m2\repository\org\junit\jupiter\junit-jupiter-api\5.6.0\junit-jupiter-api-5.6.0.jar;C:\Users\Martin\.m2\repository\org\apiguardian\apiguardian-api\1.1.0\apiguardian-api-1.1.0.jar;C:\Users\Martin\.m2\repository\org\opentest4j\opentest4j\1.2.0\opentest4j-1.2.0.jar;C:\Users\Martin\.m2\repository\org\junit\platform\junit-platform-commons\1.6.0\junit-platform-commons-1.6.0.jar;C:\Users\Martin\.m2\repository\org\junit\jupiter\junit-jupiter-engine\5.6.0\junit-jupiter-engine-5.6.0.jar;C:\Users\Martin\.m2\repository\org\junit\platform\junit-platform-engine\1.6.0\junit-platform-engine-1.6.0.jar;"/>
    <property name="java.vm.vendor" value="Oracle Corporation"/>
    <property name="sun.arch.data.model" value="64"/>
    <property name="user.variant" value=""/>
    <property name="java.vendor.url" value="https://java.oracle.com/"/>
    <property name="user.timezone" value="America/Buenos_Aires"/>
    <property name="os.name" value="Windows 10"/>
    <property name="java.vm.specification.version" value="18"/>
    <property name="sun.java.launcher" value="SUN_STANDARD"/>
    <property name="user.country" value="AR"/>
    <property name="sun.boot.library.path" value="C:\Program Files\Java\jdk-18.0.2\bin"/>
    <property name="sun.java.command" value="C:\Users\Martin\AppData\Local\Temp\surefire6017788626411848290\surefirebooter8913263307949820597.jar C:\Users\Martin\AppData\Local\Temp\surefire6017788626411848290 2022-08-14T12-43-22_276-jvmRun1 surefire11435637941460407833tmp surefire_013485480445615265986tmp"/>
    <property name="jdk.debug" value="release"/>
    <property name="surefire.test.class.path" value="C:\Users\Martin\Desktop\Proyectos\Lambda-functions\target\test-classes;C:\Users\Martin\Desktop\Proyectos\Lambda-functions\target\classes;C:\Users\Martin\.m2\repository\com\amazonaws\aws-lambda-java-core\1.2.1\aws-lambda-java-core-1.2.1.jar;C:\Users\Martin\.m2\repository\software\amazon\awssdk\regions\2.15.0\regions-2.15.0.jar;C:\Users\Martin\.m2\repository\software\amazon\awssdk\annotations\2.15.0\annotations-2.15.0.jar;C:\Users\Martin\.m2\repository\software\amazon\awssdk\utils\2.15.0\utils-2.15.0.jar;C:\Users\Martin\.m2\repository\org\reactivestreams\reactive-streams\1.0.2\reactive-streams-1.0.2.jar;C:\Users\Martin\.m2\repository\software\amazon\awssdk\sdk-core\2.15.0\sdk-core-2.15.0.jar;C:\Users\Martin\.m2\repository\com\fasterxml\jackson\core\jackson-core\2.10.4\jackson-core-2.10.4.jar;C:\Users\Martin\.m2\repository\software\amazon\awssdk\profiles\2.15.0\profiles-2.15.0.jar;C:\Users\Martin\.m2\repository\com\fasterxml\jackson\core\jackson-databind\2.10.4\jackson-databind-2.10.4.jar;C:\Users\Martin\.m2\repository\com\fasterxml\jackson\core\jackson-annotations\2.10.4\jackson-annotations-2.10.4.jar;C:\Users\Martin\.m2\repository\org\slf4j\slf4j-api\1.7.28\slf4j-api-1.7.28.jar;C:\Users\Martin\.m2\repository\software\amazon\awssdk\s3\2.15.0\s3-2.15.0.jar;C:\Users\Martin\.m2\repository\software\amazon\awssdk\aws-xml-protocol\2.15.0\aws-xml-protocol-2.15.0.jar;C:\Users\Martin\.m2\repository\software\amazon\awssdk\aws-query-protocol\2.15.0\aws-query-protocol-2.15.0.jar;C:\Users\Martin\.m2\repository\software\amazon\awssdk\protocol-core\2.15.0\protocol-core-2.15.0.jar;C:\Users\Martin\.m2\repository\software\amazon\awssdk\arns\2.15.0\arns-2.15.0.jar;C:\Users\Martin\.m2\repository\software\amazon\awssdk\auth\2.15.0\auth-2.15.0.jar;C:\Users\Martin\.m2\repository\software\amazon\eventstream\eventstream\1.0.1\eventstream-1.0.1.jar;C:\Users\Martin\.m2\repository\software\amazon\awssdk\http-client-spi\2.15.0\http-client-spi-2.15.0.jar;C:\Users\Martin\.m2\repository\software\amazon\awssdk\aws-core\2.15.0\aws-core-2.15.0.jar;C:\Users\Martin\.m2\repository\software\amazon\awssdk\metrics-spi\2.15.0\metrics-spi-2.15.0.jar;C:\Users\Martin\.m2\repository\software\amazon\awssdk\apache-client\2.15.0\apache-client-2.15.0.jar;C:\Users\Martin\.m2\repository\org\apache\httpcomponents\httpclient\4.5.9\httpclient-4.5.9.jar;C:\Users\Martin\.m2\repository\commons-codec\commons-codec\1.11\commons-codec-1.11.jar;C:\Users\Martin\.m2\repository\org\apache\httpcomponents\httpcore\4.4.11\httpcore-4.4.11.jar;C:\Users\Martin\.m2\repository\software\amazon\awssdk\netty-nio-client\2.15.0\netty-nio-client-2.15.0.jar;C:\Users\Martin\.m2\repository\io\netty\netty-codec-http\4.1.46.Final\netty-codec-http-4.1.46.Final.jar;C:\Users\Martin\.m2\repository\io\netty\netty-codec-http2\4.1.46.Final\netty-codec-http2-4.1.46.Final.jar;C:\Users\Martin\.m2\repository\io\netty\netty-codec\4.1.46.Final\netty-codec-4.1.46.Final.jar;C:\Users\Martin\.m2\repository\io\netty\netty-transport\4.1.46.Final\netty-transport-4.1.46.Final.jar;C:\Users\Martin\.m2\repository\io\netty\netty-resolver\4.1.46.Final\netty-resolver-4.1.46.Final.jar;C:\Users\Martin\.m2\repository\io\netty\netty-common\4.1.46.Final\netty-common-4.1.46.Final.jar;C:\Users\Martin\.m2\repository\io\netty\netty-buffer\4.1.46.Final\netty-buffer-4.1.46.Final.jar;C:\Users\Martin\.m2\repository\io\netty\netty-handler\4.1.46.Final\netty-handler-4.1.46.Final.jar;C:\Users\Martin\.m2\repository\io\netty\netty-transport-native-epoll\4.1.46.Final\netty-transport-native-epoll-4.1.46.Final-linux-x86_64.jar;C:\Users\Martin\.m2\repository\io\netty\netty-transport-native-unix-common\4.1.46.Final\netty-transport-native-unix-common-4.1.46.Final.jar;C:\Users\Martin\.m2\repository\com\typesafe\netty\netty-reactive-streams-http\2.0.4\netty-reactive-streams-http-2.0.4.jar;C:\Users\Martin\.m2\repository\com\typesafe\netty\netty-reactive-streams\2.0.4\netty-reactive-streams-2.0.4.jar;C:\Users\Martin\.m2\repository\com\amazonaws\aws-lambda-java-events\3.0.0\aws-lambda-java-events-3.0.0.jar;C:\Users\Martin\.m2\repository\joda-time\joda-time\2.6\joda-time-2.6.jar;C:\Users\Martin\.m2\repository\com\amazonaws\aws-lambda-java-serialization\1.0.0\aws-lambda-java-serialization-1.0.0.jar;C:\Users\Martin\.m2\repository\com\amazonaws\aws-java-sdk-s3\1.11.578\aws-java-sdk-s3-1.11.578.jar;C:\Users\Martin\.m2\repository\com\amazonaws\aws-java-sdk-kms\1.11.578\aws-java-sdk-kms-1.11.578.jar;C:\Users\Martin\.m2\repository\com\amazonaws\aws-java-sdk-core\1.11.578\aws-java-sdk-core-1.11.578.jar;C:\Users\Martin\.m2\repository\commons-logging\commons-logging\1.1.3\commons-logging-1.1.3.jar;C:\Users\Martin\.m2\repository\software\amazon\ion\ion-java\1.0.2\ion-java-1.0.2.jar;C:\Users\Martin\.m2\repository\com\fasterxml\jackson\dataformat\jackson-dataformat-cbor\2.6.7\jackson-dataformat-cbor-2.6.7.jar;C:\Users\Martin\.m2\repository\com\amazonaws\jmespath-java\1.11.578\jmespath-java-1.11.578.jar;C:\Users\Martin\.m2\repository\com\amazonaws\aws-lambda-java-log4j2\1.5.1\aws-lambda-java-log4j2-1.5.1.jar;C:\Users\Martin\.m2\repository\org\apache\logging\log4j\log4j-core\2.17.1\log4j-core-2.17.1.jar;C:\Users\Martin\.m2\repository\org\apache\logging\log4j\log4j-api\2.17.1\log4j-api-2.17.1.jar;C:\Users\Martin\.m2\repository\org\apache\logging\log4j\log4j-slf4j18-impl\2.17.1\log4j-slf4j18-impl-2.17.1.jar;C:\Users\Martin\.m2\repository\com\amazonaws\aws-xray-recorder-sdk-core\2.11.0\aws-xray-recorder-sdk-core-2.11.0.jar;C:\Users\Martin\.m2\repository\com\amazonaws\aws-java-sdk-xray\1.11.903\aws-java-sdk-xray-1.11.903.jar;C:\Users\Martin\.m2\repository\com\amazonaws\aws-xray-recorder-sdk-aws-sdk\2.11.0\aws-xray-recorder-sdk-aws-sdk-2.11.0.jar;C:\Users\Martin\.m2\repository\com\amazonaws\aws-xray-recorder-sdk-aws-sdk-core\2.11.0\aws-xray-recorder-sdk-aws-sdk-core-2.11.0.jar;C:\Users\Martin\.m2\repository\com\amazonaws\aws-xray-recorder-sdk-aws-sdk-v2\2.11.0\aws-xray-recorder-sdk-aws-sdk-v2-2.11.0.jar;C:\Users\Martin\.m2\repository\com\amazonaws\aws-xray-recorder-sdk-aws-sdk-instrumentor\2.11.0\aws-xray-recorder-sdk-aws-sdk-instrumentor-2.11.0.jar;C:\Users\Martin\.m2\repository\com\google\code\gson\gson\2.8.6\gson-2.8.6.jar;C:\Users\Martin\.m2\repository\commons-fileupload\commons-fileupload\1.4\commons-fileupload-1.4.jar;C:\Users\Martin\.m2\repository\commons-io\commons-io\2.2\commons-io-2.2.jar;C:\Users\Martin\.m2\repository\org\junit\jupiter\junit-jupiter-api\5.6.0\junit-jupiter-api-5.6.0.jar;C:\Users\Martin\.m2\repository\org\apiguardian\apiguardian-api\1.1.0\apiguardian-api-1.1.0.jar;C:\Users\Martin\.m2\repository\org\opentest4j\opentest4j\1.2.0\opentest4j-1.2.0.jar;C:\Users\Martin\.m2\repository\org\junit\platform\junit-platform-commons\1.6.0\junit-platform-commons-1.6.0.jar;C:\Users\Martin\.m2\repository\org\junit\jupiter\junit-jupiter-engine\5.6.0\junit-jupiter-engine-5.6.0.jar;C:\Users\Martin\.m2\repository\org\junit\platform\junit-platform-engine\1.6.0\junit-platform-engine-1.6.0.jar;"/>
    <property name="sun.cpu.endian" value="little"/>
    <property name="user.home" value="C:\Users\Martin"/>
    <property name="user.language" value="es"/>
    <property name="java.specification.vendor" value="Oracle Corporation"/>
    <property name="java.version.date" value="2022-07-19"/>
    <property name="java.home" value="C:\Program Files\Java\jdk-18.0.2"/>
    <property name="file.separator" value="\"/>
    <property name="basedir" value="C:\Users\Martin\Desktop\Proyectos\Lambda-functions"/>
    <property name="java.vm.compressedOopsMode" value="32-bit"/>
    <property name="line.separator" value="&#10;"/>
    <property name="java.vm.specification.vendor" value="Oracle Corporation"/>
    <property name="java.specification.name" value="Java Platform API Specification"/>
    <property name="surefire.real.class.path" value="C:\Users\Martin\AppData\Local\Temp\surefire6017788626411848290\surefirebooter8913263307949820597.jar"/>
    <property name="user.script" value=""/>
    <property name="sun.management.compiler" value="HotSpot 64-Bit Tiered Compilers"/>
    <property name="java.runtime.version" value="18.0.2+9-61"/>
    <property name="user.name" value="Martin"/>
    <property name="path.separator" value=";"/>
    <property name="os.version" value="10.0"/>
    <property name="java.runtime.name" value="Java(TM) SE Runtime Environment"/>
    <property name="file.encoding" value="UTF-8"/>
    <property name="java.vm.name" value="Java HotSpot(TM) 64-Bit Server VM"/>
    <property name="localRepository" value="C:\Users\Martin\.m2\repository"/>
    <property name="java.vendor.url.bug" value="https://bugreport.java.com/bugreport/"/>
    <property name="java.io.tmpdir" value="C:\Users\Martin\AppData\Local\Temp\"/>
    <property name="idea.version" value="2021.2"/>
    <property name="java.version" value="18.0.2"/>
    <property name="user.dir" value="C:\Users\Martin\Desktop\Proyectos\Lambda-functions"/>
    <property name="os.arch" value="amd64"/>
    <property name="java.vm.specification.name" value="Java Virtual Machine Specification"/>
    <property name="sun.os.patch.level" value=""/>
    <property name="native.encoding" value="Cp1252"/>
    <property name="java.library.path" value="C:\Program Files\Java\jdk-18.0.2\bin;C:\Windows\Sun\Java\bin;C:\Windows\system32;C:\Windows;C:\Program Files\Common Files\Oracle\Java\javapath;C:\Windows\system32;C:\Windows;C:\Windows\System32\Wbem;C:\Windows\System32\WindowsPowerShell\v1.0\;C:\Windows\System32\OpenSSH\;C:\Program Files\dotnet\;C:\Program Files\Git\cmd;C:\Program Files\Docker\Docker\resources\bin;C:\ProgramData\DockerDesktop\version-bin;C:\Program Files\Amazon\AWSCLIV2\;C:\Users\Martin\AppData\Local\Microsoft\WindowsApps;C:\Program Files\Inkscape\bin;C:\Program Files\JetBrains\DataGrip 2021.2\bin;;C:\Program Files\JetBrains\IntelliJ IDEA 2021.2\bin;;C:\Users\Martin\AppData\Local\Programs\Microsoft VS Code\bin;."/>
    <property name="java.vm.info" value="mixed mode, sharing"/>
    <property name="java.vendor" value="Oracle Corporation"/>
    <property name="java.vm.version" value="18.0.2+9-61"/>
    <property name="sun.io.unicode.encoding" value="UnicodeLittle"/>
    <property name="java.class.version" value="62.0"/>
  </properties>
  <testcase name="test" classname="lambda.handler.DeserializeSNSTest" time="0.249"/>
</testsuite>